info 2015-10-25 03:06:09
info ['2015-10-25 03:06:19', 'ES', '34']
info ['2015-10-25 03:06:55', 'ES', '34']
inser_db: ['2015-10-25 03:06:55', 'ES', '34']
info ['2015-10-25 03:07:26', 'HI', '2']
insert_db: ['2015-10-25 03:07:26', 'HI', '2']
info ['2015-10-25 03:07:29', 'HI', '2']
insert_db: ['2015-10-25 03:07:29', 'HI', '2']
insert_db: ['2015-10-25 03:07:36', 'EN', '50']
insert_db: ['2015-10-25 03:07:38', 'HI', '2']
insert_db: ['2015-10-25 03:07:40', 'ES', '34']
insert_db: Inserted ['2015-10-25 03:08:31', 'ES', '34']
insert_db: Inserted ['2015-10-25 03:08:33', 'HI', '2']
insert_db: Inserted ['2015-10-25 03:13:03', 'EN', '50']
insert_db: Inserted ['2015-10-25 03:13:28', 'ES', '40']
insert_db: Inserted ['2015-10-25 03:17:10', 'EN', '50']
insert_db: Inserted ['2015-10-25 03:21:48', 'EN', '50']
insert_db: Inserted ['2015-10-25 03:22:14', 'EN', '50']
insert_db: Inserted ['2015-10-25 03:22:15', 'EN', '50']
insert_db: Inserted ['2015-10-25 03:22:29', 'ES', '40']
insert_db: Inserted ['2015-10-25 03:22:29', 'HI', '40']
insert_db: Inserted ['2015-10-25 03:22:31', 'EN', '50']
insert_db: Inserted ['2015-10-25 03:37:21', 'EN', '50']
insert_db: Inserted ['2015-10-25 03:37:23', 'ES', '40']
insert_db: Inserted ['2015-10-25 03:37:25', 'HI', '40']
insert_db: Inserted ['2015-10-25 04:29:40', 'EN', '50']
insert_db: Inserted ['2015-10-25 04:31:11', 'EN', '50']
insert_db: Inserted ['2015-10-25 04:31:26', 'EN', '50']
insert_db: Inserted ['2015-10-25 04:31:28', 'EN', '50']
insert_db: Inserted ['2015-10-25 04:31:35', 'EN', '50']
insert_db: Inserted ['2015-10-25 04:32:24', 'EN', '50']
insert_db: Inserted ['2015-10-25 04:36:07', 'HI', '40']
insert_db: Inserted ['2015-10-25 04:36:16', 'HI', '40']
insert_db: Inserted ['2015-10-25 04:36:18', 'EN', '50']
insert_db: Inserted ['2015-10-25 04:36:49', 'EN', '50']
insert_db: Inserted ['2015-10-25 04:36:57', 'EN', '50']
insert_db: Inserted ['2015-10-25 04:37:03', 'EN', '50']
insert_db: Inserted ['2015-10-25 04:37:05', 'ES', '40']
insert_db: Inserted ['2015-10-25 04:37:11', 'HI', '40']
insert_db: Inserted ['2015-10-25 04:37:12', 'HI', '40']
insert_db: Inserted ['2015-10-25 04:37:14', 'HI', '40']
insert_db: Inserted ['2015-10-25 04:37:14', 'HI', '40']
insert_db: Inserted ['2015-10-25 04:37:18', 'HI', '40']
insert_db: Inserted ['2015-10-25 04:37:19', 'HI', '40']
insert_db: Inserted ['2015-10-25 04:37:20', 'HI', '40']
insert_db: Inserted ['2015-10-25 04:37:21', 'HI', '40']
insert_db: Inserted ['2015-10-25 04:37:22', 'HI', '40']
insert_db: Inserted ['2015-10-25 04:40:51', 'EN', '50']
insert_db: Inserted ['2015-10-25 04:40:52', 'ES', '40']
insert_db: Inserted ['2015-10-25 04:41:01', 'ES', '40']
insert_db: Inserted ['2015-10-25 04:41:01', 'EN', '50']
insert_db: Inserted ['2015-10-25 04:41:02', 'HI', '40']
insert_db: Inserted ['2015-10-25 04:41:02', 'ES', '40']
insert_db: Inserted ['2015-10-25 04:41:03', 'EN', '50']
insert_db: Inserted ['2015-10-25 04:41:03', 'ES', '40']
insert_db: Inserted ['2015-10-25 04:41:04', 'EN', '50']
insert_db: Inserted ['2015-10-25 04:41:08', 'HI', '40']
insert_db: Inserted ['2015-10-25 04:41:08', 'HI', '40']
insert_db: Inserted ['2015-10-25 04:41:11', 'HI', '40']
insert_db: Inserted ['2015-10-25 04:41:12', 'HI', '40']
display_system: EN
display_system: EN
display_system: EN
display_system: EN
display_system: EN
display_system: EN
display_system: EN
display_system: EN
display_system: ['EN']
display_system: ['EN']
display_system: ['EN']
display_system: ['EN']
display_system: ['EN']
getSystemHealth: [['EN']]
display_system: EN
getSystemHealth: ['EN']
getSystemHealth: [('2015-10-24 20:30:12.123', 10, 'abat', ''), ('2015-10-24 20:40:15.321', 20, 'abat', ''), ('2015-10-24 20:50:13.123', 20, 'abat', ''), ('2015-10-24 21:00:18.321', 30, 'abat', ''), ('2015-10-24 21:10:17.123', 50, 'abat', ''), ('2015-10-25 04:41:01', 50, None, None), ('2015-10-25 04:41:03', 50, None, None), ('2015-10-25 04:41:04', 50, None, None)]
display_system: EN
getSystemHealth: ['EN']
getSystemHealth: [('2015-10-24 20:30:12.123', 10, 'abat', ''), ('2015-10-24 20:40:15.321', 20, 'abat', ''), ('2015-10-24 20:50:13.123', 20, 'abat', ''), ('2015-10-24 21:00:18.321', 30, 'abat', ''), ('2015-10-24 21:10:17.123', 50, 'abat', ''), ('2015-10-25 04:41:01', 50, None, None), ('2015-10-25 04:41:03', 50, None, None), ('2015-10-25 04:41:04', 50, None, None)]
display_system: EN
getSystemHealth: ['EN']
getSystemHealth: [('2015-10-24 20:30:12.123', 10, 'abat', ''), ('2015-10-24 20:40:15.321', 20, 'abat', ''), ('2015-10-24 20:50:13.123', 20, 'abat', ''), ('2015-10-24 21:00:18.321', 30, 'abat', ''), ('2015-10-24 21:10:17.123', 50, 'abat', ''), ('2015-10-25 04:41:01', 50, None, None), ('2015-10-25 04:41:03', 50, None, None), ('2015-10-25 04:41:04', 50, None, None)]
display_system: EN
getSystemHealth: ['EN']
getSystemHealth: [('2015-10-24 20:30:12.123', 10, 'abat', ''), ('2015-10-24 20:40:15.321', 20, 'abat', ''), ('2015-10-24 20:50:13.123', 20, 'abat', ''), ('2015-10-24 21:00:18.321', 30, 'abat', ''), ('2015-10-24 21:10:17.123', 50, 'abat', ''), ('2015-10-25 04:41:01', 50, None, None), ('2015-10-25 04:41:03', 50, None, None), ('2015-10-25 04:41:04', 50, None, None)]
display_system: EN
getSystemHealth: ['EN']
getSystemHealth: [('2015-10-24 20:30:12.123', 10, 'abat', ''), ('2015-10-24 20:40:15.321', 20, 'abat', ''), ('2015-10-24 20:50:13.123', 20, 'abat', ''), ('2015-10-24 21:00:18.321', 30, 'abat', ''), ('2015-10-24 21:10:17.123', 50, 'abat', ''), ('2015-10-25 04:41:01', 50, None, None), ('2015-10-25 04:41:03', 50, None, None), ('2015-10-25 04:41:04', 50, None, None)]
display_system: EN
getSystemHealth: ['EN']
getSystemHealth: [('2015-10-24 20:30:12.123', 10, 'abat', ''), ('2015-10-24 20:40:15.321', 20, 'abat', ''), ('2015-10-24 20:50:13.123', 20, 'abat', ''), ('2015-10-24 21:00:18.321', 30, 'abat', ''), ('2015-10-24 21:10:17.123', 50, 'abat', ''), ('2015-10-25 04:41:01', 50, None, None), ('2015-10-25 04:41:03', 50, None, None), ('2015-10-25 04:41:04', 50, None, None)]
